2023-12-09 01:31:44,428 ----------------------------------------------------------------------------------------------------
2023-12-09 01:31:44,430 Model: "TextClassifier(
  (embeddings): TransformerDocumentEmbeddings(
    (model): AlbertModel(
      (embeddings): AlbertEmbeddings(
        (word_embeddings): Embedding(21129, 128)
        (position_embeddings): Embedding(512, 128)
        (token_type_embeddings): Embedding(2, 128)
        (LayerNorm): LayerNorm((128,), eps=1e-12, elementwise_affine=True)
        (dropout): Dropout(p=0.0, inplace=False)
      )
      (encoder): AlbertTransformer(
        (embedding_hidden_mapping_in): Linear(in_features=128, out_features=312, bias=True)
        (albert_layer_groups): ModuleList(
          (0): AlbertLayerGroup(
            (albert_layers): ModuleList(
              (0): AlbertLayer(
                (full_layer_layer_norm): LayerNorm((312,), eps=1e-12, elementwise_affine=True)
                (attention): AlbertAttention(
                  (query): Linear(in_features=312, out_features=312, bias=True)
                  (key): Linear(in_features=312, out_features=312, bias=True)
                  (value): Linear(in_features=312, out_features=312, bias=True)
                  (attention_dropout): Dropout(p=0.0, inplace=False)
                  (output_dropout): Dropout(p=0.0, inplace=False)
                  (dense): Linear(in_features=312, out_features=312, bias=True)
                  (LayerNorm): LayerNorm((312,), eps=1e-12, elementwise_affine=True)
                )
                (ffn): Linear(in_features=312, out_features=1248, bias=True)
                (ffn_output): Linear(in_features=1248, out_features=312, bias=True)
                (activation): GELUActivation()
                (dropout): Dropout(p=0.0, inplace=False)
              )
            )
          )
        )
      )
      (pooler): Linear(in_features=312, out_features=312, bias=True)
      (pooler_activation): Tanh()
    )
  )
  (decoder): Linear(in_features=312, out_features=2, bias=True)
  (dropout): Dropout(p=0.0, inplace=False)
  (locked_dropout): LockedDropout(p=0.0)
  (word_dropout): WordDropout(p=0.0)
  (loss_function): CrossEntropyLoss()
  (weights): {0: 0.7710010687566797, 1: 1.0}
  (weight_tensor) tensor([1., 1.])
)"
2023-12-09 01:31:44,430 ----------------------------------------------------------------------------------------------------
2023-12-09 01:31:44,431 Corpus: 24856 train + 3108 dev + 3107 test sentences
2023-12-09 01:31:44,431 ----------------------------------------------------------------------------------------------------
2023-12-09 01:31:44,431 Train:  24856 sentences
2023-12-09 01:31:44,431         (train_with_dev=False, train_with_test=False)
2023-12-09 01:31:44,431 ----------------------------------------------------------------------------------------------------
2023-12-09 01:31:44,431 Training Params:
2023-12-09 01:31:44,431  - learning_rate: "0.02" 
2023-12-09 01:31:44,431  - mini_batch_size: "16"
2023-12-09 01:31:44,431  - max_epochs: "30"
2023-12-09 01:31:44,431  - shuffle: "True"
2023-12-09 01:31:44,431 ----------------------------------------------------------------------------------------------------
2023-12-09 01:31:44,431 Plugins:
2023-12-09 01:31:44,431  - AnnealOnPlateau | patience: '5', anneal_factor: '0.5', min_learning_rate: '0.0001'
2023-12-09 01:31:44,431 ----------------------------------------------------------------------------------------------------
2023-12-09 01:31:44,431 Final evaluation on model from best epoch (best-model.pt)
2023-12-09 01:31:44,431  - metric: "('micro avg', 'f1-score')"
2023-12-09 01:31:44,432 ----------------------------------------------------------------------------------------------------
2023-12-09 01:31:44,432 Computation:
2023-12-09 01:31:44,432  - compute on device: cpu
2023-12-09 01:31:44,432  - embedding storage: cpu
2023-12-09 01:31:44,432 ----------------------------------------------------------------------------------------------------
2023-12-09 01:31:44,432 Model training base path: "taiwan-ckip-hatespeech-detection"
2023-12-09 01:31:44,432 ----------------------------------------------------------------------------------------------------
2023-12-09 01:31:44,432 ----------------------------------------------------------------------------------------------------
2023-12-09 01:59:23,984 epoch 1 - iter 155/1554 - loss 0.68170355 - time (sec): 1659.55 - samples/sec: 1.49 - lr: 0.020000 - momentum: 0.000000
2023-12-09 02:27:32,185 epoch 1 - iter 310/1554 - loss 0.62162330 - time (sec): 3347.75 - samples/sec: 1.48 - lr: 0.020000 - momentum: 0.000000
2023-12-09 02:55:23,503 epoch 1 - iter 465/1554 - loss 0.60633217 - time (sec): 5019.07 - samples/sec: 1.48 - lr: 0.020000 - momentum: 0.000000
2023-12-09 03:22:58,837 epoch 1 - iter 620/1554 - loss 0.58850168 - time (sec): 6674.40 - samples/sec: 1.49 - lr: 0.020000 - momentum: 0.000000
2023-12-09 03:50:15,519 epoch 1 - iter 775/1554 - loss 0.58092800 - time (sec): 8311.09 - samples/sec: 1.49 - lr: 0.020000 - momentum: 0.000000
2023-12-09 04:17:39,280 epoch 1 - iter 930/1554 - loss 0.57674894 - time (sec): 9954.85 - samples/sec: 1.49 - lr: 0.020000 - momentum: 0.000000
2023-12-09 04:45:24,058 epoch 1 - iter 1085/1554 - loss 0.56722596 - time (sec): 11619.63 - samples/sec: 1.49 - lr: 0.020000 - momentum: 0.000000
2023-12-09 05:12:47,949 epoch 1 - iter 1240/1554 - loss 0.56150005 - time (sec): 13263.52 - samples/sec: 1.50 - lr: 0.020000 - momentum: 0.000000
2023-12-09 05:40:56,861 epoch 1 - iter 1395/1554 - loss 0.55506061 - time (sec): 14952.43 - samples/sec: 1.49 - lr: 0.020000 - momentum: 0.000000
2023-12-09 06:08:52,220 epoch 1 - iter 1550/1554 - loss 0.54976333 - time (sec): 16627.79 - samples/sec: 1.49 - lr: 0.020000 - momentum: 0.000000
2023-12-09 06:09:31,057 ----------------------------------------------------------------------------------------------------
2023-12-09 06:09:31,058 EPOCH 1 done: loss 0.5496 - lr: 0.020000
2023-12-09 06:17:25,179 DEV : loss 0.4835541248321533 - f1-score (micro avg)  0.778
2023-12-09 06:17:25,268  - 0 epochs without improvement
2023-12-09 06:17:25,270 saving best model
2023-12-09 06:17:25,434 ----------------------------------------------------------------------------------------------------
2023-12-09 06:44:51,997 epoch 2 - iter 155/1554 - loss 0.48637378 - time (sec): 1646.56 - samples/sec: 1.51 - lr: 0.020000 - momentum: 0.000000
2023-12-09 07:13:26,349 epoch 2 - iter 310/1554 - loss 0.49377246 - time (sec): 3360.91 - samples/sec: 1.48 - lr: 0.020000 - momentum: 0.000000
2023-12-09 07:41:28,069 epoch 2 - iter 465/1554 - loss 0.49210306 - time (sec): 5042.63 - samples/sec: 1.48 - lr: 0.020000 - momentum: 0.000000
2023-12-09 08:08:45,747 epoch 2 - iter 620/1554 - loss 0.48809147 - time (sec): 6680.31 - samples/sec: 1.48 - lr: 0.020000 - momentum: 0.000000
2023-12-09 08:36:08,010 epoch 2 - iter 775/1554 - loss 0.48582862 - time (sec): 8322.57 - samples/sec: 1.49 - lr: 0.020000 - momentum: 0.000000
2023-12-09 09:04:22,865 epoch 2 - iter 930/1554 - loss 0.48788595 - time (sec): 10017.43 - samples/sec: 1.49 - lr: 0.020000 - momentum: 0.000000
2023-12-09 09:32:56,697 epoch 2 - iter 1085/1554 - loss 0.48641762 - time (sec): 11731.26 - samples/sec: 1.48 - lr: 0.020000 - momentum: 0.000000
2023-12-09 10:01:05,140 epoch 2 - iter 1240/1554 - loss 0.48331142 - time (sec): 13419.70 - samples/sec: 1.48 - lr: 0.020000 - momentum: 0.000000
2023-12-09 10:28:04,388 epoch 2 - iter 1395/1554 - loss 0.48149187 - time (sec): 15038.95 - samples/sec: 1.48 - lr: 0.020000 - momentum: 0.000000
2023-12-09 10:56:10,469 epoch 2 - iter 1550/1554 - loss 0.48013551 - time (sec): 16725.03 - samples/sec: 1.48 - lr: 0.020000 - momentum: 0.000000
2023-12-09 10:56:56,381 ----------------------------------------------------------------------------------------------------
2023-12-09 10:56:56,382 EPOCH 2 done: loss 0.4803 - lr: 0.020000
2023-12-09 10:56:57,895 DEV : loss 0.4732770621776581 - f1-score (micro avg)  0.7773
2023-12-09 10:56:57,943  - 1 epochs without improvement
2023-12-09 10:56:57,978 ----------------------------------------------------------------------------------------------------
2023-12-09 11:24:47,459 epoch 3 - iter 155/1554 - loss 0.42373808 - time (sec): 1669.48 - samples/sec: 1.48 - lr: 0.020000 - momentum: 0.000000
2023-12-09 11:52:46,900 epoch 3 - iter 310/1554 - loss 0.42054285 - time (sec): 3348.92 - samples/sec: 1.48 - lr: 0.020000 - momentum: 0.000000
2023-12-09 12:20:09,175 epoch 3 - iter 465/1554 - loss 0.42931265 - time (sec): 4991.20 - samples/sec: 1.49 - lr: 0.020000 - momentum: 0.000000
2023-12-09 12:47:29,643 epoch 3 - iter 620/1554 - loss 0.43566035 - time (sec): 6631.66 - samples/sec: 1.50 - lr: 0.020000 - momentum: 0.000000
2023-12-09 13:15:23,662 epoch 3 - iter 775/1554 - loss 0.43847245 - time (sec): 8305.68 - samples/sec: 1.49 - lr: 0.020000 - momentum: 0.000000
2023-12-09 13:42:43,085 epoch 3 - iter 930/1554 - loss 0.43958549 - time (sec): 9945.11 - samples/sec: 1.50 - lr: 0.020000 - momentum: 0.000000
2023-12-09 14:10:15,266 epoch 3 - iter 1085/1554 - loss 0.44071911 - time (sec): 11597.29 - samples/sec: 1.50 - lr: 0.020000 - momentum: 0.000000
2023-12-09 14:38:45,848 epoch 3 - iter 1240/1554 - loss 0.44035631 - time (sec): 13307.87 - samples/sec: 1.49 - lr: 0.020000 - momentum: 0.000000
2023-12-09 15:06:46,112 epoch 3 - iter 1395/1554 - loss 0.44071642 - time (sec): 14988.13 - samples/sec: 1.49 - lr: 0.020000 - momentum: 0.000000
2023-12-09 15:35:17,821 epoch 3 - iter 1550/1554 - loss 0.43978199 - time (sec): 16699.84 - samples/sec: 1.48 - lr: 0.020000 - momentum: 0.000000
2023-12-09 15:35:58,594 ----------------------------------------------------------------------------------------------------
2023-12-09 15:35:58,607 EPOCH 3 done: loss 0.4397 - lr: 0.020000
2023-12-09 15:36:00,214 DEV : loss 0.48582491278648376 - f1-score (micro avg)  0.7712
2023-12-09 15:36:00,250  - 2 epochs without improvement
2023-12-09 15:36:00,278 ----------------------------------------------------------------------------------------------------
2023-12-09 16:03:35,506 epoch 4 - iter 155/1554 - loss 0.39020553 - time (sec): 1655.23 - samples/sec: 1.50 - lr: 0.020000 - momentum: 0.000000
2023-12-09 16:31:28,699 epoch 4 - iter 310/1554 - loss 0.39143353 - time (sec): 3328.42 - samples/sec: 1.49 - lr: 0.020000 - momentum: 0.000000
2023-12-09 16:59:03,527 epoch 4 - iter 465/1554 - loss 0.39391796 - time (sec): 4983.25 - samples/sec: 1.49 - lr: 0.020000 - momentum: 0.000000
2023-12-09 17:27:04,836 epoch 4 - iter 620/1554 - loss 0.39725842 - time (sec): 6664.56 - samples/sec: 1.49 - lr: 0.020000 - momentum: 0.000000
2023-12-09 17:54:58,620 epoch 4 - iter 775/1554 - loss 0.39836313 - time (sec): 8338.34 - samples/sec: 1.49 - lr: 0.020000 - momentum: 0.000000
2023-12-09 18:22:55,442 epoch 4 - iter 930/1554 - loss 0.39980964 - time (sec): 10015.16 - samples/sec: 1.49 - lr: 0.020000 - momentum: 0.000000
2023-12-09 18:51:08,372 epoch 4 - iter 1085/1554 - loss 0.40189482 - time (sec): 11708.09 - samples/sec: 1.48 - lr: 0.020000 - momentum: 0.000000
2023-12-09 19:18:19,477 epoch 4 - iter 1240/1554 - loss 0.40106993 - time (sec): 13339.20 - samples/sec: 1.49 - lr: 0.020000 - momentum: 0.000000
2023-12-09 19:46:06,010 epoch 4 - iter 1395/1554 - loss 0.40178937 - time (sec): 15005.73 - samples/sec: 1.49 - lr: 0.020000 - momentum: 0.000000
2023-12-09 20:13:52,058 epoch 4 - iter 1550/1554 - loss 0.40245491 - time (sec): 16671.78 - samples/sec: 1.49 - lr: 0.020000 - momentum: 0.000000
2023-12-09 20:14:30,955 ----------------------------------------------------------------------------------------------------
2023-12-09 20:14:30,956 EPOCH 4 done: loss 0.4022 - lr: 0.020000
2023-12-09 20:14:32,449 DEV : loss 0.4780523180961609 - f1-score (micro avg)  0.7761
2023-12-09 20:14:32,490  - 3 epochs without improvement
2023-12-09 20:14:32,503 ----------------------------------------------------------------------------------------------------
2023-12-09 20:41:56,000 epoch 5 - iter 155/1554 - loss 0.35491179 - time (sec): 1643.50 - samples/sec: 1.51 - lr: 0.020000 - momentum: 0.000000
2023-12-09 21:10:45,104 epoch 5 - iter 310/1554 - loss 0.35736639 - time (sec): 3372.60 - samples/sec: 1.47 - lr: 0.020000 - momentum: 0.000000
2023-12-09 21:38:36,918 epoch 5 - iter 465/1554 - loss 0.35043824 - time (sec): 5044.41 - samples/sec: 1.47 - lr: 0.020000 - momentum: 0.000000
2023-12-09 22:05:42,304 epoch 5 - iter 620/1554 - loss 0.35582458 - time (sec): 6669.80 - samples/sec: 1.49 - lr: 0.020000 - momentum: 0.000000
2023-12-09 22:33:17,627 epoch 5 - iter 775/1554 - loss 0.35804736 - time (sec): 8325.12 - samples/sec: 1.49 - lr: 0.020000 - momentum: 0.000000
2023-12-09 23:01:34,261 epoch 5 - iter 930/1554 - loss 0.36053628 - time (sec): 10021.76 - samples/sec: 1.48 - lr: 0.020000 - momentum: 0.000000
2023-12-09 23:30:00,372 epoch 5 - iter 1085/1554 - loss 0.36254794 - time (sec): 11727.87 - samples/sec: 1.48 - lr: 0.020000 - momentum: 0.000000
2023-12-09 23:57:25,151 epoch 5 - iter 1240/1554 - loss 0.36681862 - time (sec): 13372.65 - samples/sec: 1.48 - lr: 0.020000 - momentum: 0.000000
2023-12-10 00:24:42,141 epoch 5 - iter 1395/1554 - loss 0.36733306 - time (sec): 15009.64 - samples/sec: 1.49 - lr: 0.020000 - momentum: 0.000000
2023-12-10 00:53:02,862 epoch 5 - iter 1550/1554 - loss 0.36930192 - time (sec): 16710.36 - samples/sec: 1.48 - lr: 0.020000 - momentum: 0.000000
2023-12-10 00:53:46,995 ----------------------------------------------------------------------------------------------------
2023-12-10 00:53:47,009 EPOCH 5 done: loss 0.3697 - lr: 0.020000
2023-12-10 00:53:48,762 DEV : loss 0.4780181646347046 - f1-score (micro avg)  0.7764
2023-12-10 00:53:48,854  - 4 epochs without improvement
2023-12-10 00:53:48,871 ----------------------------------------------------------------------------------------------------
2023-12-10 01:21:26,016 epoch 6 - iter 155/1554 - loss 0.32246828 - time (sec): 1657.14 - samples/sec: 1.50 - lr: 0.020000 - momentum: 0.000000
2023-12-10 01:49:21,830 epoch 6 - iter 310/1554 - loss 0.33131682 - time (sec): 3332.96 - samples/sec: 1.49 - lr: 0.020000 - momentum: 0.000000
2023-12-10 02:17:37,328 epoch 6 - iter 465/1554 - loss 0.32850888 - time (sec): 5028.46 - samples/sec: 1.48 - lr: 0.020000 - momentum: 0.000000
2023-12-10 02:45:29,312 epoch 6 - iter 620/1554 - loss 0.33288570 - time (sec): 6700.44 - samples/sec: 1.48 - lr: 0.020000 - momentum: 0.000000
2023-12-10 03:14:13,653 epoch 6 - iter 775/1554 - loss 0.33428197 - time (sec): 8424.78 - samples/sec: 1.47 - lr: 0.020000 - momentum: 0.000000
2023-12-10 03:42:27,533 epoch 6 - iter 930/1554 - loss 0.33531491 - time (sec): 10118.66 - samples/sec: 1.47 - lr: 0.020000 - momentum: 0.000000
2023-12-10 04:10:09,885 epoch 6 - iter 1085/1554 - loss 0.33389336 - time (sec): 11781.01 - samples/sec: 1.47 - lr: 0.020000 - momentum: 0.000000
2023-12-10 04:37:38,233 epoch 6 - iter 1240/1554 - loss 0.33611525 - time (sec): 13429.35 - samples/sec: 1.48 - lr: 0.020000 - momentum: 0.000000
2023-12-10 05:05:56,346 epoch 6 - iter 1395/1554 - loss 0.33638946 - time (sec): 15127.47 - samples/sec: 1.48 - lr: 0.020000 - momentum: 0.000000
2023-12-10 05:34:33,902 epoch 6 - iter 1550/1554 - loss 0.33678176 - time (sec): 16845.03 - samples/sec: 1.47 - lr: 0.020000 - momentum: 0.000000
2023-12-10 05:35:15,377 ----------------------------------------------------------------------------------------------------
2023-12-10 05:35:15,390 EPOCH 6 done: loss 0.3367 - lr: 0.020000
2023-12-10 05:35:16,951 DEV : loss 0.48154476284980774 - f1-score (micro avg)  0.7761
2023-12-10 05:35:17,006  - 5 epochs without improvement
2023-12-10 05:35:17,020 ----------------------------------------------------------------------------------------------------
2023-12-10 06:03:18,743 epoch 7 - iter 155/1554 - loss 0.27247012 - time (sec): 1681.72 - samples/sec: 1.47 - lr: 0.020000 - momentum: 0.000000
2023-12-10 06:31:14,578 epoch 7 - iter 310/1554 - loss 0.28936486 - time (sec): 3357.56 - samples/sec: 1.48 - lr: 0.020000 - momentum: 0.000000
2023-12-10 06:58:07,288 epoch 7 - iter 465/1554 - loss 0.29348068 - time (sec): 4970.27 - samples/sec: 1.50 - lr: 0.020000 - momentum: 0.000000
2023-12-10 07:25:52,904 epoch 7 - iter 620/1554 - loss 0.29890440 - time (sec): 6635.88 - samples/sec: 1.49 - lr: 0.020000 - momentum: 0.000000
2023-12-10 07:53:36,525 epoch 7 - iter 775/1554 - loss 0.29901263 - time (sec): 8299.50 - samples/sec: 1.49 - lr: 0.020000 - momentum: 0.000000
2023-12-10 08:21:52,736 epoch 7 - iter 930/1554 - loss 0.29676694 - time (sec): 9995.71 - samples/sec: 1.49 - lr: 0.020000 - momentum: 0.000000
2023-12-10 08:49:29,755 epoch 7 - iter 1085/1554 - loss 0.30163206 - time (sec): 11652.73 - samples/sec: 1.49 - lr: 0.020000 - momentum: 0.000000
2023-12-10 09:17:44,670 epoch 7 - iter 1240/1554 - loss 0.30155305 - time (sec): 13347.65 - samples/sec: 1.49 - lr: 0.020000 - momentum: 0.000000
2023-12-10 09:45:34,425 epoch 7 - iter 1395/1554 - loss 0.30338668 - time (sec): 15017.40 - samples/sec: 1.49 - lr: 0.020000 - momentum: 0.000000
2023-12-10 10:12:59,942 epoch 7 - iter 1550/1554 - loss 0.30444637 - time (sec): 16662.92 - samples/sec: 1.49 - lr: 0.020000 - momentum: 0.000000
2023-12-10 10:13:42,727 ----------------------------------------------------------------------------------------------------
2023-12-10 10:13:42,740 EPOCH 7 done: loss 0.3044 - lr: 0.020000
2023-12-10 10:13:44,347 DEV : loss 0.4844549000263214 - f1-score (micro avg)  0.7764
2023-12-10 10:13:44,439  - 6 epochs without improvement (above 'patience')-> annealing learning_rate to [0.01]
2023-12-10 10:13:44,453 ----------------------------------------------------------------------------------------------------
2023-12-10 10:41:50,312 epoch 8 - iter 155/1554 - loss 0.23345366 - time (sec): 1685.86 - samples/sec: 1.47 - lr: 0.010000 - momentum: 0.000000
2023-12-10 11:09:04,617 epoch 8 - iter 310/1554 - loss 0.23379268 - time (sec): 3320.16 - samples/sec: 1.49 - lr: 0.010000 - momentum: 0.000000
2023-12-10 11:36:37,328 epoch 8 - iter 465/1554 - loss 0.23696202 - time (sec): 4972.87 - samples/sec: 1.50 - lr: 0.010000 - momentum: 0.000000
2023-12-10 12:04:12,926 epoch 8 - iter 620/1554 - loss 0.23517715 - time (sec): 6628.47 - samples/sec: 1.50 - lr: 0.010000 - momentum: 0.000000
2023-12-10 12:32:19,955 epoch 8 - iter 775/1554 - loss 0.23329900 - time (sec): 8315.50 - samples/sec: 1.49 - lr: 0.010000 - momentum: 0.000000
2023-12-10 13:00:02,597 epoch 8 - iter 930/1554 - loss 0.22862573 - time (sec): 9978.14 - samples/sec: 1.49 - lr: 0.010000 - momentum: 0.000000
2023-12-10 13:28:37,929 epoch 8 - iter 1085/1554 - loss 0.22795306 - time (sec): 11693.47 - samples/sec: 1.48 - lr: 0.010000 - momentum: 0.000000
2023-12-10 13:56:17,315 epoch 8 - iter 1240/1554 - loss 0.22680252 - time (sec): 13352.86 - samples/sec: 1.49 - lr: 0.010000 - momentum: 0.000000
2023-12-10 14:24:18,615 epoch 8 - iter 1395/1554 - loss 0.22653109 - time (sec): 15034.16 - samples/sec: 1.48 - lr: 0.010000 - momentum: 0.000000
2023-12-10 14:52:54,146 epoch 8 - iter 1550/1554 - loss 0.22537625 - time (sec): 16749.69 - samples/sec: 1.48 - lr: 0.010000 - momentum: 0.000000
2023-12-10 14:53:31,779 ----------------------------------------------------------------------------------------------------
2023-12-10 14:53:31,780 EPOCH 8 done: loss 0.2254 - lr: 0.010000
2023-12-10 14:53:33,727 DEV : loss 0.49955978989601135 - f1-score (micro avg)  0.7728
2023-12-10 14:53:33,862  - 1 epochs without improvement
2023-12-10 14:53:33,878 ----------------------------------------------------------------------------------------------------
2023-12-10 15:21:14,404 epoch 9 - iter 155/1554 - loss 0.16387710 - time (sec): 1660.52 - samples/sec: 1.49 - lr: 0.010000 - momentum: 0.000000
2023-12-10 15:48:45,644 epoch 9 - iter 310/1554 - loss 0.15746361 - time (sec): 3311.76 - samples/sec: 1.50 - lr: 0.010000 - momentum: 0.000000
2023-12-10 16:17:02,909 epoch 9 - iter 465/1554 - loss 0.17361379 - time (sec): 5009.03 - samples/sec: 1.49 - lr: 0.010000 - momentum: 0.000000
2023-12-10 16:44:39,562 epoch 9 - iter 620/1554 - loss 0.17626759 - time (sec): 6665.68 - samples/sec: 1.49 - lr: 0.010000 - momentum: 0.000000
2023-12-10 17:12:54,562 epoch 9 - iter 775/1554 - loss 0.17935780 - time (sec): 8360.68 - samples/sec: 1.48 - lr: 0.010000 - momentum: 0.000000
2023-12-10 17:40:18,341 epoch 9 - iter 930/1554 - loss 0.17849422 - time (sec): 10004.46 - samples/sec: 1.49 - lr: 0.010000 - momentum: 0.000000
2023-12-10 18:08:05,275 epoch 9 - iter 1085/1554 - loss 0.18216547 - time (sec): 11671.40 - samples/sec: 1.49 - lr: 0.010000 - momentum: 0.000000
2023-12-10 18:36:06,674 epoch 9 - iter 1240/1554 - loss 0.18445596 - time (sec): 13352.78 - samples/sec: 1.49 - lr: 0.010000 - momentum: 0.000000
2023-12-10 19:04:06,926 epoch 9 - iter 1395/1554 - loss 0.18589510 - time (sec): 15033.05 - samples/sec: 1.48 - lr: 0.010000 - momentum: 0.000000
2023-12-10 19:32:13,310 epoch 9 - iter 1550/1554 - loss 0.18843032 - time (sec): 16719.43 - samples/sec: 1.48 - lr: 0.010000 - momentum: 0.000000
2023-12-10 19:32:58,518 ----------------------------------------------------------------------------------------------------
2023-12-10 19:32:58,518 EPOCH 9 done: loss 0.1886 - lr: 0.010000
2023-12-10 19:32:59,986 DEV : loss 0.4984279274940491 - f1-score (micro avg)  0.7748
2023-12-10 19:33:00,023  - 2 epochs without improvement
2023-12-10 19:33:00,025 ----------------------------------------------------------------------------------------------------
2023-12-10 20:01:25,909 epoch 10 - iter 155/1554 - loss 0.11787590 - time (sec): 1705.88 - samples/sec: 1.45 - lr: 0.010000 - momentum: 0.000000
2023-12-10 20:29:38,412 epoch 10 - iter 310/1554 - loss 0.14160445 - time (sec): 3398.39 - samples/sec: 1.46 - lr: 0.010000 - momentum: 0.000000
2023-12-10 20:57:32,143 epoch 10 - iter 465/1554 - loss 0.14909767 - time (sec): 5072.12 - samples/sec: 1.47 - lr: 0.010000 - momentum: 0.000000
2023-12-10 21:25:28,574 epoch 10 - iter 620/1554 - loss 0.15505856 - time (sec): 6748.55 - samples/sec: 1.47 - lr: 0.010000 - momentum: 0.000000
2023-12-10 21:53:41,722 epoch 10 - iter 775/1554 - loss 0.15821619 - time (sec): 8441.69 - samples/sec: 1.47 - lr: 0.010000 - momentum: 0.000000
2023-12-10 22:22:28,574 epoch 10 - iter 930/1554 - loss 0.16869049 - time (sec): 10168.55 - samples/sec: 1.46 - lr: 0.010000 - momentum: 0.000000
2023-12-10 22:49:53,340 epoch 10 - iter 1085/1554 - loss 0.17339664 - time (sec): 11813.31 - samples/sec: 1.47 - lr: 0.010000 - momentum: 0.000000
2023-12-10 23:17:58,718 epoch 10 - iter 1240/1554 - loss 0.17230569 - time (sec): 13498.69 - samples/sec: 1.47 - lr: 0.010000 - momentum: 0.000000
2023-12-10 23:45:53,676 epoch 10 - iter 1395/1554 - loss 0.17363640 - time (sec): 15173.65 - samples/sec: 1.47 - lr: 0.010000 - momentum: 0.000000
2023-12-11 00:14:33,498 epoch 10 - iter 1550/1554 - loss 0.17883096 - time (sec): 16893.47 - samples/sec: 1.47 - lr: 0.010000 - momentum: 0.000000
2023-12-11 00:15:12,150 ----------------------------------------------------------------------------------------------------
2023-12-11 00:15:12,165 EPOCH 10 done: loss 0.1787 - lr: 0.010000
2023-12-11 00:15:13,519 DEV : loss 0.5044520497322083 - f1-score (micro avg)  0.7732
2023-12-11 00:15:13,558  - 3 epochs without improvement
2023-12-11 00:15:13,568 ----------------------------------------------------------------------------------------------------
2023-12-11 00:42:51,945 epoch 11 - iter 155/1554 - loss 0.13002229 - time (sec): 1658.38 - samples/sec: 1.50 - lr: 0.010000 - momentum: 0.000000
2023-12-11 01:11:06,918 epoch 11 - iter 310/1554 - loss 0.13089475 - time (sec): 3353.35 - samples/sec: 1.48 - lr: 0.010000 - momentum: 0.000000
2023-12-11 01:39:20,989 epoch 11 - iter 465/1554 - loss 0.14288632 - time (sec): 5047.42 - samples/sec: 1.47 - lr: 0.010000 - momentum: 0.000000
2023-12-11 02:07:16,217 epoch 11 - iter 620/1554 - loss 0.15050348 - time (sec): 6722.65 - samples/sec: 1.48 - lr: 0.010000 - momentum: 0.000000
2023-12-11 02:34:26,192 epoch 11 - iter 775/1554 - loss 0.15165596 - time (sec): 8352.62 - samples/sec: 1.48 - lr: 0.010000 - momentum: 0.000000
2023-12-11 03:02:48,760 epoch 11 - iter 930/1554 - loss 0.15245401 - time (sec): 10055.19 - samples/sec: 1.48 - lr: 0.010000 - momentum: 0.000000
2023-12-11 03:31:02,623 epoch 11 - iter 1085/1554 - loss 0.15787609 - time (sec): 11749.05 - samples/sec: 1.48 - lr: 0.010000 - momentum: 0.000000
2023-12-11 03:58:46,253 epoch 11 - iter 1240/1554 - loss 0.15904669 - time (sec): 13412.68 - samples/sec: 1.48 - lr: 0.010000 - momentum: 0.000000
2023-12-11 04:26:58,848 epoch 11 - iter 1395/1554 - loss 0.15954599 - time (sec): 15105.28 - samples/sec: 1.48 - lr: 0.010000 - momentum: 0.000000
2023-12-11 04:54:35,811 epoch 11 - iter 1550/1554 - loss 0.16251296 - time (sec): 16762.24 - samples/sec: 1.48 - lr: 0.010000 - momentum: 0.000000
2023-12-11 04:55:14,079 ----------------------------------------------------------------------------------------------------
2023-12-11 04:55:14,090 EPOCH 11 done: loss 0.1623 - lr: 0.010000
2023-12-11 04:55:15,618 DEV : loss 0.5108950734138489 - f1-score (micro avg)  0.7728
2023-12-11 04:55:15,656  - 4 epochs without improvement
2023-12-11 04:55:15,658 ----------------------------------------------------------------------------------------------------
2023-12-11 05:23:04,385 epoch 12 - iter 155/1554 - loss 0.12769930 - time (sec): 1668.73 - samples/sec: 1.49 - lr: 0.010000 - momentum: 0.000000
2023-12-11 05:50:41,030 epoch 12 - iter 310/1554 - loss 0.11968557 - time (sec): 3325.37 - samples/sec: 1.49 - lr: 0.010000 - momentum: 0.000000
2023-12-11 06:18:31,386 epoch 12 - iter 465/1554 - loss 0.12142317 - time (sec): 4995.73 - samples/sec: 1.49 - lr: 0.010000 - momentum: 0.000000
2023-12-11 06:46:21,589 epoch 12 - iter 620/1554 - loss 0.12532968 - time (sec): 6665.93 - samples/sec: 1.49 - lr: 0.010000 - momentum: 0.000000
2023-12-11 07:14:23,569 epoch 12 - iter 775/1554 - loss 0.13370572 - time (sec): 8347.91 - samples/sec: 1.49 - lr: 0.010000 - momentum: 0.000000
2023-12-11 07:42:52,499 epoch 12 - iter 930/1554 - loss 0.13670929 - time (sec): 10056.84 - samples/sec: 1.48 - lr: 0.010000 - momentum: 0.000000
2023-12-11 08:10:19,220 epoch 12 - iter 1085/1554 - loss 0.13946876 - time (sec): 11703.56 - samples/sec: 1.48 - lr: 0.010000 - momentum: 0.000000
2023-12-11 08:38:16,302 epoch 12 - iter 1240/1554 - loss 0.14480111 - time (sec): 13380.64 - samples/sec: 1.48 - lr: 0.010000 - momentum: 0.000000
2023-12-11 09:05:34,179 epoch 12 - iter 1395/1554 - loss 0.14810288 - time (sec): 15018.52 - samples/sec: 1.49 - lr: 0.010000 - momentum: 0.000000
2023-12-11 09:33:13,765 epoch 12 - iter 1550/1554 - loss 0.14959516 - time (sec): 16678.11 - samples/sec: 1.49 - lr: 0.010000 - momentum: 0.000000
2023-12-11 09:33:53,978 ----------------------------------------------------------------------------------------------------
2023-12-11 09:33:53,991 EPOCH 12 done: loss 0.1500 - lr: 0.010000
2023-12-11 09:33:56,174 DEV : loss 0.5180732607841492 - f1-score (micro avg)  0.7722
2023-12-11 09:33:56,280  - 5 epochs without improvement
2023-12-11 09:33:56,304 ----------------------------------------------------------------------------------------------------
2023-12-11 10:01:30,550 epoch 13 - iter 155/1554 - loss 0.10545476 - time (sec): 1654.24 - samples/sec: 1.50 - lr: 0.010000 - momentum: 0.000000
2023-12-11 10:29:01,941 epoch 13 - iter 310/1554 - loss 0.10260760 - time (sec): 3305.63 - samples/sec: 1.50 - lr: 0.010000 - momentum: 0.000000
2023-12-11 10:56:59,225 epoch 13 - iter 465/1554 - loss 0.11486728 - time (sec): 4982.92 - samples/sec: 1.49 - lr: 0.010000 - momentum: 0.000000
2023-12-11 11:24:16,322 epoch 13 - iter 620/1554 - loss 0.11392782 - time (sec): 6620.02 - samples/sec: 1.50 - lr: 0.010000 - momentum: 0.000000
2023-12-11 11:51:49,698 epoch 13 - iter 775/1554 - loss 0.11646795 - time (sec): 8273.39 - samples/sec: 1.50 - lr: 0.010000 - momentum: 0.000000
2023-12-11 12:19:19,989 epoch 13 - iter 930/1554 - loss 0.11796425 - time (sec): 9923.68 - samples/sec: 1.50 - lr: 0.010000 - momentum: 0.000000
2023-12-11 12:46:29,090 epoch 13 - iter 1085/1554 - loss 0.12172915 - time (sec): 11552.78 - samples/sec: 1.50 - lr: 0.010000 - momentum: 0.000000
2023-12-11 13:14:04,691 epoch 13 - iter 1240/1554 - loss 0.12672520 - time (sec): 13208.39 - samples/sec: 1.50 - lr: 0.010000 - momentum: 0.000000
2023-12-11 13:41:28,497 epoch 13 - iter 1395/1554 - loss 0.13141473 - time (sec): 14852.19 - samples/sec: 1.50 - lr: 0.010000 - momentum: 0.000000
2023-12-11 14:08:49,069 epoch 13 - iter 1550/1554 - loss 0.13507303 - time (sec): 16492.76 - samples/sec: 1.50 - lr: 0.010000 - momentum: 0.000000
2023-12-11 14:09:30,327 ----------------------------------------------------------------------------------------------------
2023-12-11 14:09:30,328 EPOCH 13 done: loss 0.1351 - lr: 0.010000
2023-12-11 14:09:32,049 DEV : loss 0.5229672789573669 - f1-score (micro avg)  0.7725
2023-12-11 14:09:32,102  - 6 epochs without improvement (above 'patience')-> annealing learning_rate to [0.005]
2023-12-11 14:09:32,130 ----------------------------------------------------------------------------------------------------
2023-12-11 14:37:11,276 epoch 14 - iter 155/1554 - loss 0.10344630 - time (sec): 1659.14 - samples/sec: 1.49 - lr: 0.005000 - momentum: 0.000000
2023-12-11 15:04:36,409 epoch 14 - iter 310/1554 - loss 0.09157109 - time (sec): 3304.28 - samples/sec: 1.50 - lr: 0.005000 - momentum: 0.000000
2023-12-11 15:31:54,535 epoch 14 - iter 465/1554 - loss 0.09167098 - time (sec): 4942.40 - samples/sec: 1.51 - lr: 0.005000 - momentum: 0.000000
2023-12-11 15:59:54,781 epoch 14 - iter 620/1554 - loss 0.08875054 - time (sec): 6622.64 - samples/sec: 1.50 - lr: 0.005000 - momentum: 0.000000
2023-12-11 16:27:32,588 epoch 14 - iter 775/1554 - loss 0.08714104 - time (sec): 8280.46 - samples/sec: 1.50 - lr: 0.005000 - momentum: 0.000000
2023-12-11 16:55:18,857 epoch 14 - iter 930/1554 - loss 0.09149427 - time (sec): 9946.73 - samples/sec: 1.50 - lr: 0.005000 - momentum: 0.000000
2023-12-11 17:23:21,239 epoch 14 - iter 1085/1554 - loss 0.09144869 - time (sec): 11629.11 - samples/sec: 1.49 - lr: 0.005000 - momentum: 0.000000
2023-12-11 17:51:23,196 epoch 14 - iter 1240/1554 - loss 0.09376650 - time (sec): 13311.07 - samples/sec: 1.49 - lr: 0.005000 - momentum: 0.000000
2023-12-11 18:19:46,661 epoch 14 - iter 1395/1554 - loss 0.09546418 - time (sec): 15014.53 - samples/sec: 1.49 - lr: 0.005000 - momentum: 0.000000
2023-12-11 18:47:23,045 epoch 14 - iter 1550/1554 - loss 0.09546424 - time (sec): 16670.91 - samples/sec: 1.49 - lr: 0.005000 - momentum: 0.000000
2023-12-11 18:48:05,669 ----------------------------------------------------------------------------------------------------
2023-12-11 18:48:05,679 EPOCH 14 done: loss 0.0959 - lr: 0.005000
2023-12-11 18:48:07,156 DEV : loss 0.5274934768676758 - f1-score (micro avg)  0.7719
2023-12-11 18:48:07,218  - 1 epochs without improvement
2023-12-11 18:48:07,239 ----------------------------------------------------------------------------------------------------
2023-12-11 19:16:06,387 epoch 15 - iter 155/1554 - loss 0.05742535 - time (sec): 1679.15 - samples/sec: 1.48 - lr: 0.005000 - momentum: 0.000000
2023-12-11 19:42:57,881 epoch 15 - iter 310/1554 - loss 0.05562435 - time (sec): 3290.64 - samples/sec: 1.51 - lr: 0.005000 - momentum: 0.000000
2023-12-11 20:10:43,495 epoch 15 - iter 465/1554 - loss 0.05762792 - time (sec): 4956.25 - samples/sec: 1.50 - lr: 0.005000 - momentum: 0.000000
2023-12-11 20:38:58,032 epoch 15 - iter 620/1554 - loss 0.06621366 - time (sec): 6650.79 - samples/sec: 1.49 - lr: 0.005000 - momentum: 0.000000
2023-12-11 21:07:00,329 epoch 15 - iter 775/1554 - loss 0.07071330 - time (sec): 8333.09 - samples/sec: 1.49 - lr: 0.005000 - momentum: 0.000000
2023-12-11 21:34:12,707 epoch 15 - iter 930/1554 - loss 0.07314748 - time (sec): 9965.47 - samples/sec: 1.49 - lr: 0.005000 - momentum: 0.000000
2023-12-11 22:02:14,702 epoch 15 - iter 1085/1554 - loss 0.07667730 - time (sec): 11647.46 - samples/sec: 1.49 - lr: 0.005000 - momentum: 0.000000
2023-12-11 22:31:04,283 epoch 15 - iter 1240/1554 - loss 0.07710315 - time (sec): 13377.04 - samples/sec: 1.48 - lr: 0.005000 - momentum: 0.000000
2023-12-11 22:59:09,405 epoch 15 - iter 1395/1554 - loss 0.07712808 - time (sec): 15062.16 - samples/sec: 1.48 - lr: 0.005000 - momentum: 0.000000
2023-12-11 23:26:50,278 epoch 15 - iter 1550/1554 - loss 0.07919954 - time (sec): 16723.04 - samples/sec: 1.48 - lr: 0.005000 - momentum: 0.000000
2023-12-11 23:27:33,251 ----------------------------------------------------------------------------------------------------
2023-12-11 23:27:33,252 EPOCH 15 done: loss 0.0795 - lr: 0.005000
2023-12-11 23:27:35,076 DEV : loss 0.5259955525398254 - f1-score (micro avg)  0.7722
2023-12-11 23:27:35,133  - 2 epochs without improvement
2023-12-11 23:27:35,148 ----------------------------------------------------------------------------------------------------
2023-12-11 23:55:22,178 epoch 16 - iter 155/1554 - loss 0.05758311 - time (sec): 1667.03 - samples/sec: 1.49 - lr: 0.005000 - momentum: 0.000000
2023-12-12 00:23:34,255 epoch 16 - iter 310/1554 - loss 0.05503987 - time (sec): 3359.11 - samples/sec: 1.48 - lr: 0.005000 - momentum: 0.000000
2023-12-12 00:51:39,116 epoch 16 - iter 465/1554 - loss 0.05201240 - time (sec): 5043.97 - samples/sec: 1.48 - lr: 0.005000 - momentum: 0.000000
2023-12-12 01:19:54,723 epoch 16 - iter 620/1554 - loss 0.05869481 - time (sec): 6739.57 - samples/sec: 1.47 - lr: 0.005000 - momentum: 0.000000
2023-12-12 01:47:39,181 epoch 16 - iter 775/1554 - loss 0.06213625 - time (sec): 8404.03 - samples/sec: 1.48 - lr: 0.005000 - momentum: 0.000000
2023-12-12 02:15:19,534 epoch 16 - iter 930/1554 - loss 0.06486117 - time (sec): 10064.38 - samples/sec: 1.48 - lr: 0.005000 - momentum: 0.000000
2023-12-12 02:42:55,534 epoch 16 - iter 1085/1554 - loss 0.06671343 - time (sec): 11720.39 - samples/sec: 1.48 - lr: 0.005000 - momentum: 0.000000
2023-12-12 03:10:10,156 epoch 16 - iter 1240/1554 - loss 0.06705430 - time (sec): 13355.01 - samples/sec: 1.49 - lr: 0.005000 - momentum: 0.000000
2023-12-12 03:39:03,603 epoch 16 - iter 1395/1554 - loss 0.07013915 - time (sec): 15088.45 - samples/sec: 1.48 - lr: 0.005000 - momentum: 0.000000
2023-12-12 04:06:43,855 epoch 16 - iter 1550/1554 - loss 0.07188576 - time (sec): 16748.71 - samples/sec: 1.48 - lr: 0.005000 - momentum: 0.000000
2023-12-12 04:07:24,048 ----------------------------------------------------------------------------------------------------
2023-12-12 04:07:24,055 EPOCH 16 done: loss 0.0718 - lr: 0.005000
2023-12-12 04:07:25,444 DEV : loss 0.5234274864196777 - f1-score (micro avg)  0.7728
2023-12-12 04:07:25,482  - 3 epochs without improvement
2023-12-12 04:07:25,496 ----------------------------------------------------------------------------------------------------
2023-12-12 04:34:28,450 epoch 17 - iter 155/1554 - loss 0.05182197 - time (sec): 1622.95 - samples/sec: 1.53 - lr: 0.005000 - momentum: 0.000000
2023-12-12 05:02:31,951 epoch 17 - iter 310/1554 - loss 0.05143527 - time (sec): 3306.45 - samples/sec: 1.50 - lr: 0.005000 - momentum: 0.000000
2023-12-12 05:30:41,502 epoch 17 - iter 465/1554 - loss 0.05497052 - time (sec): 4996.00 - samples/sec: 1.49 - lr: 0.005000 - momentum: 0.000000
2023-12-12 05:58:41,130 epoch 17 - iter 620/1554 - loss 0.05376940 - time (sec): 6675.63 - samples/sec: 1.49 - lr: 0.005000 - momentum: 0.000000
2023-12-12 06:26:10,613 epoch 17 - iter 775/1554 - loss 0.05882805 - time (sec): 8325.12 - samples/sec: 1.49 - lr: 0.005000 - momentum: 0.000000
2023-12-12 06:53:54,133 epoch 17 - iter 930/1554 - loss 0.06059308 - time (sec): 9988.64 - samples/sec: 1.49 - lr: 0.005000 - momentum: 0.000000
2023-12-12 07:21:56,405 epoch 17 - iter 1085/1554 - loss 0.06357653 - time (sec): 11670.91 - samples/sec: 1.49 - lr: 0.005000 - momentum: 0.000000
2023-12-12 07:50:02,263 epoch 17 - iter 1240/1554 - loss 0.06242492 - time (sec): 13356.77 - samples/sec: 1.49 - lr: 0.005000 - momentum: 0.000000
2023-12-12 08:18:28,195 epoch 17 - iter 1395/1554 - loss 0.06324998 - time (sec): 15062.70 - samples/sec: 1.48 - lr: 0.005000 - momentum: 0.000000
2023-12-12 08:46:24,469 epoch 17 - iter 1550/1554 - loss 0.06350785 - time (sec): 16738.97 - samples/sec: 1.48 - lr: 0.005000 - momentum: 0.000000
2023-12-12 08:47:04,628 ----------------------------------------------------------------------------------------------------
2023-12-12 08:47:04,641 EPOCH 17 done: loss 0.0635 - lr: 0.005000
2023-12-12 08:47:06,236 DEV : loss 0.5258312821388245 - f1-score (micro avg)  0.7712
2023-12-12 08:47:06,312  - 4 epochs without improvement
2023-12-12 08:47:06,334 ----------------------------------------------------------------------------------------------------
2023-12-12 09:15:06,180 epoch 18 - iter 155/1554 - loss 0.05073558 - time (sec): 1679.84 - samples/sec: 1.48 - lr: 0.005000 - momentum: 0.000000
2023-12-12 09:42:38,754 epoch 18 - iter 310/1554 - loss 0.05707952 - time (sec): 3332.42 - samples/sec: 1.49 - lr: 0.005000 - momentum: 0.000000
2023-12-12 10:10:59,780 epoch 18 - iter 465/1554 - loss 0.05677298 - time (sec): 5033.45 - samples/sec: 1.48 - lr: 0.005000 - momentum: 0.000000
2023-12-12 10:38:57,391 epoch 18 - iter 620/1554 - loss 0.05812739 - time (sec): 6711.06 - samples/sec: 1.48 - lr: 0.005000 - momentum: 0.000000
2023-12-12 11:06:22,497 epoch 18 - iter 775/1554 - loss 0.05731530 - time (sec): 8356.16 - samples/sec: 1.48 - lr: 0.005000 - momentum: 0.000000
2023-12-12 11:33:55,652 epoch 18 - iter 930/1554 - loss 0.05891080 - time (sec): 10009.32 - samples/sec: 1.49 - lr: 0.005000 - momentum: 0.000000
2023-12-12 12:02:16,701 epoch 18 - iter 1085/1554 - loss 0.05946341 - time (sec): 11710.37 - samples/sec: 1.48 - lr: 0.005000 - momentum: 0.000000
2023-12-12 12:29:39,504 epoch 18 - iter 1240/1554 - loss 0.05895419 - time (sec): 13353.17 - samples/sec: 1.49 - lr: 0.005000 - momentum: 0.000000
2023-12-12 12:58:03,874 epoch 18 - iter 1395/1554 - loss 0.06086087 - time (sec): 15057.54 - samples/sec: 1.48 - lr: 0.005000 - momentum: 0.000000
2023-12-12 13:25:52,163 epoch 18 - iter 1550/1554 - loss 0.06161251 - time (sec): 16725.83 - samples/sec: 1.48 - lr: 0.005000 - momentum: 0.000000
2023-12-12 13:26:27,884 ----------------------------------------------------------------------------------------------------
2023-12-12 13:26:27,884 EPOCH 18 done: loss 0.0616 - lr: 0.005000
2023-12-12 13:26:29,296 DEV : loss 0.523630678653717 - f1-score (micro avg)  0.7709
2023-12-12 13:26:29,341  - 5 epochs without improvement
2023-12-12 13:26:29,363 ----------------------------------------------------------------------------------------------------
2023-12-12 13:54:09,537 epoch 19 - iter 155/1554 - loss 0.05408286 - time (sec): 1660.17 - samples/sec: 1.49 - lr: 0.005000 - momentum: 0.000000
2023-12-12 14:22:00,544 epoch 19 - iter 310/1554 - loss 0.05049283 - time (sec): 3331.18 - samples/sec: 1.49 - lr: 0.005000 - momentum: 0.000000
2023-12-12 14:50:15,583 epoch 19 - iter 465/1554 - loss 0.04799516 - time (sec): 5026.22 - samples/sec: 1.48 - lr: 0.005000 - momentum: 0.000000
2023-12-12 15:18:01,076 epoch 19 - iter 620/1554 - loss 0.05004355 - time (sec): 6691.71 - samples/sec: 1.48 - lr: 0.005000 - momentum: 0.000000
2023-12-12 15:45:09,059 epoch 19 - iter 775/1554 - loss 0.05545751 - time (sec): 8319.69 - samples/sec: 1.49 - lr: 0.005000 - momentum: 0.000000
2023-12-12 16:13:17,335 epoch 19 - iter 930/1554 - loss 0.05717407 - time (sec): 10007.97 - samples/sec: 1.49 - lr: 0.005000 - momentum: 0.000000
2023-12-12 16:41:22,816 epoch 19 - iter 1085/1554 - loss 0.05702163 - time (sec): 11693.45 - samples/sec: 1.48 - lr: 0.005000 - momentum: 0.000000
2023-12-12 17:09:23,997 epoch 19 - iter 1240/1554 - loss 0.05896774 - time (sec): 13374.63 - samples/sec: 1.48 - lr: 0.005000 - momentum: 0.000000
2023-12-12 17:37:47,840 epoch 19 - iter 1395/1554 - loss 0.05683208 - time (sec): 15078.48 - samples/sec: 1.48 - lr: 0.005000 - momentum: 0.000000
2023-12-12 18:05:04,351 epoch 19 - iter 1550/1554 - loss 0.05738304 - time (sec): 16714.99 - samples/sec: 1.48 - lr: 0.005000 - momentum: 0.000000
2023-12-12 18:05:44,326 ----------------------------------------------------------------------------------------------------
2023-12-12 18:05:44,335 EPOCH 19 done: loss 0.0573 - lr: 0.005000
2023-12-12 18:05:45,984 DEV : loss 0.5270324349403381 - f1-score (micro avg)  0.7693
2023-12-12 18:05:46,043  - 6 epochs without improvement (above 'patience')-> annealing learning_rate to [0.0025]
2023-12-12 18:05:46,045 ----------------------------------------------------------------------------------------------------
2023-12-12 18:33:25,275 epoch 20 - iter 155/1554 - loss 0.04772842 - time (sec): 1659.23 - samples/sec: 1.49 - lr: 0.002500 - momentum: 0.000000
2023-12-12 19:01:18,985 epoch 20 - iter 310/1554 - loss 0.05059544 - time (sec): 3332.94 - samples/sec: 1.49 - lr: 0.002500 - momentum: 0.000000
2023-12-12 19:29:42,337 epoch 20 - iter 465/1554 - loss 0.04493638 - time (sec): 5036.29 - samples/sec: 1.48 - lr: 0.002500 - momentum: 0.000000
2023-12-12 19:57:37,860 epoch 20 - iter 620/1554 - loss 0.04506393 - time (sec): 6711.81 - samples/sec: 1.48 - lr: 0.002500 - momentum: 0.000000
2023-12-12 20:24:47,614 epoch 20 - iter 775/1554 - loss 0.04851987 - time (sec): 8341.57 - samples/sec: 1.49 - lr: 0.002500 - momentum: 0.000000
2023-12-12 20:52:26,081 epoch 20 - iter 930/1554 - loss 0.04556353 - time (sec): 10000.03 - samples/sec: 1.49 - lr: 0.002500 - momentum: 0.000000
2023-12-12 21:20:14,059 epoch 20 - iter 1085/1554 - loss 0.04613504 - time (sec): 11668.01 - samples/sec: 1.49 - lr: 0.002500 - momentum: 0.000000
2023-12-12 21:47:50,414 epoch 20 - iter 1240/1554 - loss 0.04717147 - time (sec): 13324.37 - samples/sec: 1.49 - lr: 0.002500 - momentum: 0.000000
2023-12-12 22:15:27,336 epoch 20 - iter 1395/1554 - loss 0.04814605 - time (sec): 14981.29 - samples/sec: 1.49 - lr: 0.002500 - momentum: 0.000000
2023-12-12 22:43:12,235 epoch 20 - iter 1550/1554 - loss 0.04797820 - time (sec): 16646.19 - samples/sec: 1.49 - lr: 0.002500 - momentum: 0.000000
2023-12-12 22:43:54,567 ----------------------------------------------------------------------------------------------------
2023-12-12 22:43:54,582 EPOCH 20 done: loss 0.0481 - lr: 0.002500
2023-12-12 22:43:56,329 DEV : loss 0.5252688527107239 - f1-score (micro avg)  0.7693
2023-12-12 22:43:56,376  - 1 epochs without improvement
2023-12-12 22:43:56,408 ----------------------------------------------------------------------------------------------------
2023-12-12 23:12:11,134 epoch 21 - iter 155/1554 - loss 0.04668259 - time (sec): 1694.72 - samples/sec: 1.46 - lr: 0.002500 - momentum: 0.000000
2023-12-12 23:39:57,356 epoch 21 - iter 310/1554 - loss 0.04097463 - time (sec): 3360.95 - samples/sec: 1.48 - lr: 0.002500 - momentum: 0.000000
2023-12-13 00:07:48,330 epoch 21 - iter 465/1554 - loss 0.04344450 - time (sec): 5031.91 - samples/sec: 1.48 - lr: 0.002500 - momentum: 0.000000
2023-12-13 00:36:25,541 epoch 21 - iter 620/1554 - loss 0.04247251 - time (sec): 6749.13 - samples/sec: 1.47 - lr: 0.002500 - momentum: 0.000000
2023-12-13 01:04:39,970 epoch 21 - iter 775/1554 - loss 0.04374876 - time (sec): 8443.56 - samples/sec: 1.47 - lr: 0.002500 - momentum: 0.000000
2023-12-13 01:33:03,348 epoch 21 - iter 930/1554 - loss 0.04440482 - time (sec): 10146.94 - samples/sec: 1.47 - lr: 0.002500 - momentum: 0.000000
2023-12-13 02:01:50,542 epoch 21 - iter 1085/1554 - loss 0.04660551 - time (sec): 11874.13 - samples/sec: 1.46 - lr: 0.002500 - momentum: 0.000000
2023-12-13 02:29:40,835 epoch 21 - iter 1240/1554 - loss 0.04847818 - time (sec): 13544.42 - samples/sec: 1.46 - lr: 0.002500 - momentum: 0.000000
2023-12-13 02:57:30,266 epoch 21 - iter 1395/1554 - loss 0.04763599 - time (sec): 15213.86 - samples/sec: 1.47 - lr: 0.002500 - momentum: 0.000000
2023-12-13 03:25:13,980 epoch 21 - iter 1550/1554 - loss 0.04546335 - time (sec): 16877.57 - samples/sec: 1.47 - lr: 0.002500 - momentum: 0.000000
2023-12-13 03:25:55,035 ----------------------------------------------------------------------------------------------------
2023-12-13 03:25:55,036 EPOCH 21 done: loss 0.0454 - lr: 0.002500
2023-12-13 03:25:56,830 DEV : loss 0.5230231881141663 - f1-score (micro avg)  0.7709
2023-12-13 03:25:56,894  - 2 epochs without improvement
2023-12-13 03:25:56,905 ----------------------------------------------------------------------------------------------------
2023-12-13 03:53:46,898 epoch 22 - iter 155/1554 - loss 0.03471619 - time (sec): 1669.99 - samples/sec: 1.48 - lr: 0.002500 - momentum: 0.000000
2023-12-13 04:21:27,088 epoch 22 - iter 310/1554 - loss 0.04246778 - time (sec): 3330.18 - samples/sec: 1.49 - lr: 0.002500 - momentum: 0.000000
2023-12-13 04:49:52,048 epoch 22 - iter 465/1554 - loss 0.04462053 - time (sec): 5035.14 - samples/sec: 1.48 - lr: 0.002500 - momentum: 0.000000
2023-12-13 05:18:08,649 epoch 22 - iter 620/1554 - loss 0.04315567 - time (sec): 6731.74 - samples/sec: 1.47 - lr: 0.002500 - momentum: 0.000000
2023-12-13 05:45:43,501 epoch 22 - iter 775/1554 - loss 0.04269456 - time (sec): 8386.59 - samples/sec: 1.48 - lr: 0.002500 - momentum: 0.000000
2023-12-13 06:13:40,800 epoch 22 - iter 930/1554 - loss 0.04351405 - time (sec): 10063.89 - samples/sec: 1.48 - lr: 0.002500 - momentum: 0.000000
2023-12-13 06:41:51,480 epoch 22 - iter 1085/1554 - loss 0.04319645 - time (sec): 11754.57 - samples/sec: 1.48 - lr: 0.002500 - momentum: 0.000000
2023-12-13 07:10:12,481 epoch 22 - iter 1240/1554 - loss 0.04422143 - time (sec): 13455.58 - samples/sec: 1.47 - lr: 0.002500 - momentum: 0.000000
2023-12-13 07:38:28,059 epoch 22 - iter 1395/1554 - loss 0.04443120 - time (sec): 15151.15 - samples/sec: 1.47 - lr: 0.002500 - momentum: 0.000000
2023-12-13 08:06:49,830 epoch 22 - iter 1550/1554 - loss 0.04449408 - time (sec): 16852.92 - samples/sec: 1.47 - lr: 0.002500 - momentum: 0.000000
2023-12-13 08:07:38,145 ----------------------------------------------------------------------------------------------------
2023-12-13 08:07:38,155 EPOCH 22 done: loss 0.0444 - lr: 0.002500
2023-12-13 08:07:39,652 DEV : loss 0.5239730477333069 - f1-score (micro avg)  0.7706
2023-12-13 08:07:39,691  - 3 epochs without improvement
2023-12-13 08:07:39,709 ----------------------------------------------------------------------------------------------------
2023-12-13 08:35:48,612 epoch 23 - iter 155/1554 - loss 0.02727284 - time (sec): 1688.90 - samples/sec: 1.47 - lr: 0.002500 - momentum: 0.000000
2023-12-13 09:03:31,754 epoch 23 - iter 310/1554 - loss 0.03359258 - time (sec): 3352.04 - samples/sec: 1.48 - lr: 0.002500 - momentum: 0.000000
2023-12-13 09:31:19,854 epoch 23 - iter 465/1554 - loss 0.03599568 - time (sec): 5020.14 - samples/sec: 1.48 - lr: 0.002500 - momentum: 0.000000
2023-12-13 09:58:52,852 epoch 23 - iter 620/1554 - loss 0.03809969 - time (sec): 6673.14 - samples/sec: 1.49 - lr: 0.002500 - momentum: 0.000000
2023-12-13 10:26:53,519 epoch 23 - iter 775/1554 - loss 0.03883238 - time (sec): 8353.81 - samples/sec: 1.48 - lr: 0.002500 - momentum: 0.000000
2023-12-13 10:54:16,061 epoch 23 - iter 930/1554 - loss 0.04036229 - time (sec): 9996.35 - samples/sec: 1.49 - lr: 0.002500 - momentum: 0.000000
2023-12-13 11:22:05,830 epoch 23 - iter 1085/1554 - loss 0.04277719 - time (sec): 11666.12 - samples/sec: 1.49 - lr: 0.002500 - momentum: 0.000000
2023-12-13 11:49:59,445 epoch 23 - iter 1240/1554 - loss 0.04318553 - time (sec): 13339.74 - samples/sec: 1.49 - lr: 0.002500 - momentum: 0.000000
2023-12-13 12:18:36,083 epoch 23 - iter 1395/1554 - loss 0.04331051 - time (sec): 15056.37 - samples/sec: 1.48 - lr: 0.002500 - momentum: 0.000000
2023-12-13 12:47:00,921 epoch 23 - iter 1550/1554 - loss 0.04306976 - time (sec): 16761.21 - samples/sec: 1.48 - lr: 0.002500 - momentum: 0.000000
2023-12-13 12:47:45,150 ----------------------------------------------------------------------------------------------------
2023-12-13 12:47:45,166 EPOCH 23 done: loss 0.0431 - lr: 0.002500
2023-12-13 12:47:46,958 DEV : loss 0.5227661728858948 - f1-score (micro avg)  0.7709
2023-12-13 12:47:47,016  - 4 epochs without improvement
2023-12-13 12:47:47,019 ----------------------------------------------------------------------------------------------------
2023-12-13 13:15:32,808 epoch 24 - iter 155/1554 - loss 0.03726652 - time (sec): 1665.79 - samples/sec: 1.49 - lr: 0.002500 - momentum: 0.000000
2023-12-13 13:43:18,843 epoch 24 - iter 310/1554 - loss 0.03321291 - time (sec): 3331.82 - samples/sec: 1.49 - lr: 0.002500 - momentum: 0.000000
2023-12-13 14:11:47,752 epoch 24 - iter 465/1554 - loss 0.03585030 - time (sec): 5040.73 - samples/sec: 1.48 - lr: 0.002500 - momentum: 0.000000
2023-12-13 14:40:00,103 epoch 24 - iter 620/1554 - loss 0.03882039 - time (sec): 6733.08 - samples/sec: 1.47 - lr: 0.002500 - momentum: 0.000000
2023-12-13 15:07:44,600 epoch 24 - iter 775/1554 - loss 0.03882854 - time (sec): 8397.58 - samples/sec: 1.48 - lr: 0.002500 - momentum: 0.000000
2023-12-13 15:35:33,223 epoch 24 - iter 930/1554 - loss 0.04008818 - time (sec): 10066.20 - samples/sec: 1.48 - lr: 0.002500 - momentum: 0.000000
2023-12-13 16:02:55,367 epoch 24 - iter 1085/1554 - loss 0.04159878 - time (sec): 11708.35 - samples/sec: 1.48 - lr: 0.002500 - momentum: 0.000000
2023-12-13 16:30:43,453 epoch 24 - iter 1240/1554 - loss 0.04099047 - time (sec): 13376.43 - samples/sec: 1.48 - lr: 0.002500 - momentum: 0.000000
2023-12-13 16:58:49,652 epoch 24 - iter 1395/1554 - loss 0.04142319 - time (sec): 15062.63 - samples/sec: 1.48 - lr: 0.002500 - momentum: 0.000000
2023-12-13 17:27:24,511 epoch 24 - iter 1550/1554 - loss 0.04240625 - time (sec): 16777.49 - samples/sec: 1.48 - lr: 0.002500 - momentum: 0.000000
2023-12-13 17:28:06,798 ----------------------------------------------------------------------------------------------------
2023-12-13 17:28:06,811 EPOCH 24 done: loss 0.0423 - lr: 0.002500
2023-12-13 17:28:08,391 DEV : loss 0.5207169055938721 - f1-score (micro avg)  0.7703
2023-12-13 17:28:08,492  - 5 epochs without improvement
2023-12-13 17:28:08,506 ----------------------------------------------------------------------------------------------------
2023-12-13 17:55:53,910 epoch 25 - iter 155/1554 - loss 0.04218082 - time (sec): 1665.40 - samples/sec: 1.49 - lr: 0.002500 - momentum: 0.000000
2023-12-13 18:24:18,637 epoch 25 - iter 310/1554 - loss 0.04316188 - time (sec): 3370.13 - samples/sec: 1.47 - lr: 0.002500 - momentum: 0.000000
2023-12-13 18:52:43,184 epoch 25 - iter 465/1554 - loss 0.04442439 - time (sec): 5074.68 - samples/sec: 1.47 - lr: 0.002500 - momentum: 0.000000
2023-12-13 19:20:17,613 epoch 25 - iter 620/1554 - loss 0.04341860 - time (sec): 6729.11 - samples/sec: 1.47 - lr: 0.002500 - momentum: 0.000000
2023-12-13 19:48:21,257 epoch 25 - iter 775/1554 - loss 0.04343541 - time (sec): 8412.75 - samples/sec: 1.47 - lr: 0.002500 - momentum: 0.000000
2023-12-13 20:16:25,029 epoch 25 - iter 930/1554 - loss 0.04415353 - time (sec): 10096.52 - samples/sec: 1.47 - lr: 0.002500 - momentum: 0.000000
2023-12-13 20:44:54,507 epoch 25 - iter 1085/1554 - loss 0.04285385 - time (sec): 11806.00 - samples/sec: 1.47 - lr: 0.002500 - momentum: 0.000000
2023-12-13 21:12:02,567 epoch 25 - iter 1240/1554 - loss 0.04145204 - time (sec): 13434.06 - samples/sec: 1.48 - lr: 0.002500 - momentum: 0.000000
2023-12-13 21:39:38,192 epoch 25 - iter 1395/1554 - loss 0.04226191 - time (sec): 15089.69 - samples/sec: 1.48 - lr: 0.002500 - momentum: 0.000000
2023-12-13 22:07:56,404 epoch 25 - iter 1550/1554 - loss 0.04169056 - time (sec): 16787.90 - samples/sec: 1.48 - lr: 0.002500 - momentum: 0.000000
2023-12-13 22:08:35,142 ----------------------------------------------------------------------------------------------------
2023-12-13 22:08:35,144 EPOCH 25 done: loss 0.0417 - lr: 0.002500
2023-12-13 22:08:36,692 DEV : loss 0.5244004726409912 - f1-score (micro avg)  0.7696
2023-12-13 22:08:36,729  - 6 epochs without improvement (above 'patience')-> annealing learning_rate to [0.00125]
2023-12-13 22:08:36,743 ----------------------------------------------------------------------------------------------------
2023-12-13 22:35:49,292 epoch 26 - iter 155/1554 - loss 0.03553813 - time (sec): 1632.55 - samples/sec: 1.52 - lr: 0.001250 - momentum: 0.000000
2023-12-13 23:04:34,922 epoch 26 - iter 310/1554 - loss 0.03260090 - time (sec): 3358.18 - samples/sec: 1.48 - lr: 0.001250 - momentum: 0.000000
2023-12-13 23:32:38,539 epoch 26 - iter 465/1554 - loss 0.03345485 - time (sec): 5041.79 - samples/sec: 1.48 - lr: 0.001250 - momentum: 0.000000
2023-12-14 00:00:43,099 epoch 26 - iter 620/1554 - loss 0.03471597 - time (sec): 6726.36 - samples/sec: 1.47 - lr: 0.001250 - momentum: 0.000000
2023-12-14 00:29:27,997 epoch 26 - iter 775/1554 - loss 0.03455105 - time (sec): 8451.25 - samples/sec: 1.47 - lr: 0.001250 - momentum: 0.000000
2023-12-14 00:56:37,908 epoch 26 - iter 930/1554 - loss 0.03684443 - time (sec): 10081.16 - samples/sec: 1.48 - lr: 0.001250 - momentum: 0.000000
2023-12-14 01:24:23,065 epoch 26 - iter 1085/1554 - loss 0.03632835 - time (sec): 11746.32 - samples/sec: 1.48 - lr: 0.001250 - momentum: 0.000000
2023-12-14 01:51:39,389 epoch 26 - iter 1240/1554 - loss 0.03626405 - time (sec): 13382.64 - samples/sec: 1.48 - lr: 0.001250 - momentum: 0.000000
2023-12-14 02:20:10,420 epoch 26 - iter 1395/1554 - loss 0.03832029 - time (sec): 15093.68 - samples/sec: 1.48 - lr: 0.001250 - momentum: 0.000000
2023-12-14 02:48:11,095 epoch 26 - iter 1550/1554 - loss 0.03903035 - time (sec): 16774.35 - samples/sec: 1.48 - lr: 0.001250 - momentum: 0.000000
2023-12-14 02:48:59,253 ----------------------------------------------------------------------------------------------------
2023-12-14 02:48:59,254 EPOCH 26 done: loss 0.0389 - lr: 0.001250
2023-12-14 02:49:01,034 DEV : loss 0.5206419825553894 - f1-score (micro avg)  0.7709
2023-12-14 02:49:01,127  - 1 epochs without improvement
2023-12-14 02:49:01,129 ----------------------------------------------------------------------------------------------------
2023-12-14 03:16:44,687 epoch 27 - iter 155/1554 - loss 0.03209627 - time (sec): 1663.56 - samples/sec: 1.49 - lr: 0.001250 - momentum: 0.000000
2023-12-14 03:45:05,770 epoch 27 - iter 310/1554 - loss 0.03411432 - time (sec): 3364.64 - samples/sec: 1.47 - lr: 0.001250 - momentum: 0.000000
2023-12-14 04:13:43,310 epoch 27 - iter 465/1554 - loss 0.03453189 - time (sec): 5082.18 - samples/sec: 1.46 - lr: 0.001250 - momentum: 0.000000
2023-12-14 04:42:00,242 epoch 27 - iter 620/1554 - loss 0.03381432 - time (sec): 6779.11 - samples/sec: 1.46 - lr: 0.001250 - momentum: 0.000000
2023-12-14 05:10:46,661 epoch 27 - iter 775/1554 - loss 0.03428951 - time (sec): 8505.53 - samples/sec: 1.46 - lr: 0.001250 - momentum: 0.000000
2023-12-14 05:39:11,575 epoch 27 - iter 930/1554 - loss 0.03488749 - time (sec): 10210.44 - samples/sec: 1.46 - lr: 0.001250 - momentum: 0.000000
2023-12-14 06:07:36,721 epoch 27 - iter 1085/1554 - loss 0.03602621 - time (sec): 11915.59 - samples/sec: 1.46 - lr: 0.001250 - momentum: 0.000000
2023-12-14 06:35:31,743 epoch 27 - iter 1240/1554 - loss 0.03665665 - time (sec): 13590.61 - samples/sec: 1.46 - lr: 0.001250 - momentum: 0.000000
2023-12-14 07:02:50,629 epoch 27 - iter 1395/1554 - loss 0.03747448 - time (sec): 15229.50 - samples/sec: 1.47 - lr: 0.001250 - momentum: 0.000000
2023-12-14 07:30:07,053 epoch 27 - iter 1550/1554 - loss 0.03790962 - time (sec): 16865.92 - samples/sec: 1.47 - lr: 0.001250 - momentum: 0.000000
2023-12-14 07:30:49,796 ----------------------------------------------------------------------------------------------------
2023-12-14 07:30:49,810 EPOCH 27 done: loss 0.0378 - lr: 0.001250
2023-12-14 07:30:51,343 DEV : loss 0.5228784084320068 - f1-score (micro avg)  0.7703
2023-12-14 07:30:51,389  - 2 epochs without improvement
2023-12-14 07:30:51,404 ----------------------------------------------------------------------------------------------------
2023-12-14 07:58:54,615 epoch 28 - iter 155/1554 - loss 0.03400332 - time (sec): 1683.21 - samples/sec: 1.47 - lr: 0.001250 - momentum: 0.000000
2023-12-14 08:26:13,939 epoch 28 - iter 310/1554 - loss 0.03800339 - time (sec): 3322.53 - samples/sec: 1.49 - lr: 0.001250 - momentum: 0.000000
2023-12-14 08:54:12,297 epoch 28 - iter 465/1554 - loss 0.03646569 - time (sec): 5000.89 - samples/sec: 1.49 - lr: 0.001250 - momentum: 0.000000
2023-12-14 09:21:49,180 epoch 28 - iter 620/1554 - loss 0.03627889 - time (sec): 6657.77 - samples/sec: 1.49 - lr: 0.001250 - momentum: 0.000000
2023-12-14 09:49:47,487 epoch 28 - iter 775/1554 - loss 0.03828600 - time (sec): 8336.08 - samples/sec: 1.49 - lr: 0.001250 - momentum: 0.000000
2023-12-14 10:18:14,160 epoch 28 - iter 930/1554 - loss 0.03794650 - time (sec): 10042.75 - samples/sec: 1.48 - lr: 0.001250 - momentum: 0.000000
2023-12-14 10:46:07,714 epoch 28 - iter 1085/1554 - loss 0.03748617 - time (sec): 11716.31 - samples/sec: 1.48 - lr: 0.001250 - momentum: 0.000000
2023-12-14 11:14:12,446 epoch 28 - iter 1240/1554 - loss 0.03778845 - time (sec): 13401.04 - samples/sec: 1.48 - lr: 0.001250 - momentum: 0.000000
2023-12-14 11:42:43,792 epoch 28 - iter 1395/1554 - loss 0.03858361 - time (sec): 15112.39 - samples/sec: 1.48 - lr: 0.001250 - momentum: 0.000000
2023-12-14 12:11:19,504 epoch 28 - iter 1550/1554 - loss 0.03770448 - time (sec): 16828.10 - samples/sec: 1.47 - lr: 0.001250 - momentum: 0.000000
2023-12-14 12:11:58,340 ----------------------------------------------------------------------------------------------------
2023-12-14 12:11:58,349 EPOCH 28 done: loss 0.0377 - lr: 0.001250
2023-12-14 12:11:59,980 DEV : loss 0.5218793153762817 - f1-score (micro avg)  0.7709
2023-12-14 12:12:00,025  - 3 epochs without improvement
2023-12-14 12:12:00,026 ----------------------------------------------------------------------------------------------------
2023-12-14 12:40:48,513 epoch 29 - iter 155/1554 - loss 0.04125264 - time (sec): 1728.49 - samples/sec: 1.43 - lr: 0.001250 - momentum: 0.000000
2023-12-14 13:09:19,984 epoch 29 - iter 310/1554 - loss 0.03987131 - time (sec): 3439.96 - samples/sec: 1.44 - lr: 0.001250 - momentum: 0.000000
2023-12-14 13:37:41,308 epoch 29 - iter 465/1554 - loss 0.03825274 - time (sec): 5141.28 - samples/sec: 1.45 - lr: 0.001250 - momentum: 0.000000
2023-12-14 14:05:03,887 epoch 29 - iter 620/1554 - loss 0.03923245 - time (sec): 6783.86 - samples/sec: 1.46 - lr: 0.001250 - momentum: 0.000000
2023-12-14 14:32:47,105 epoch 29 - iter 775/1554 - loss 0.03813668 - time (sec): 8447.08 - samples/sec: 1.47 - lr: 0.001250 - momentum: 0.000000
2023-12-14 15:01:11,475 epoch 29 - iter 930/1554 - loss 0.03704995 - time (sec): 10151.45 - samples/sec: 1.47 - lr: 0.001250 - momentum: 0.000000
2023-12-14 15:28:45,670 epoch 29 - iter 1085/1554 - loss 0.03662466 - time (sec): 11805.64 - samples/sec: 1.47 - lr: 0.001250 - momentum: 0.000000
2023-12-14 15:57:17,388 epoch 29 - iter 1240/1554 - loss 0.03769760 - time (sec): 13517.36 - samples/sec: 1.47 - lr: 0.001250 - momentum: 0.000000
2023-12-14 16:25:33,541 epoch 29 - iter 1395/1554 - loss 0.03705363 - time (sec): 15213.51 - samples/sec: 1.47 - lr: 0.001250 - momentum: 0.000000
2023-12-14 16:54:00,695 epoch 29 - iter 1550/1554 - loss 0.03703872 - time (sec): 16920.67 - samples/sec: 1.47 - lr: 0.001250 - momentum: 0.000000
2023-12-14 16:54:39,562 ----------------------------------------------------------------------------------------------------
2023-12-14 16:54:39,570 EPOCH 29 done: loss 0.0371 - lr: 0.001250
2023-12-14 16:54:41,045 DEV : loss 0.5216100811958313 - f1-score (micro avg)  0.7706
2023-12-14 16:54:41,084  - 4 epochs without improvement
2023-12-14 16:54:41,099 ----------------------------------------------------------------------------------------------------
2023-12-14 17:23:19,034 epoch 30 - iter 155/1554 - loss 0.03904513 - time (sec): 1717.93 - samples/sec: 1.44 - lr: 0.001250 - momentum: 0.000000
2023-12-14 17:51:07,552 epoch 30 - iter 310/1554 - loss 0.03675751 - time (sec): 3386.45 - samples/sec: 1.46 - lr: 0.001250 - momentum: 0.000000
2023-12-14 18:18:44,778 epoch 30 - iter 465/1554 - loss 0.03579706 - time (sec): 5043.68 - samples/sec: 1.48 - lr: 0.001250 - momentum: 0.000000
2023-12-14 18:46:24,451 epoch 30 - iter 620/1554 - loss 0.03445859 - time (sec): 6703.35 - samples/sec: 1.48 - lr: 0.001250 - momentum: 0.000000
2023-12-14 19:13:46,386 epoch 30 - iter 775/1554 - loss 0.03517445 - time (sec): 8345.29 - samples/sec: 1.49 - lr: 0.001250 - momentum: 0.000000
2023-12-14 19:41:24,091 epoch 30 - iter 930/1554 - loss 0.03537438 - time (sec): 10002.99 - samples/sec: 1.49 - lr: 0.001250 - momentum: 0.000000
2023-12-14 20:09:15,571 epoch 30 - iter 1085/1554 - loss 0.03549440 - time (sec): 11674.47 - samples/sec: 1.49 - lr: 0.001250 - momentum: 0.000000
2023-12-14 20:37:39,163 epoch 30 - iter 1240/1554 - loss 0.03736876 - time (sec): 13378.06 - samples/sec: 1.48 - lr: 0.001250 - momentum: 0.000000
2023-12-14 21:06:30,400 epoch 30 - iter 1395/1554 - loss 0.03768704 - time (sec): 15109.30 - samples/sec: 1.48 - lr: 0.001250 - momentum: 0.000000
2023-12-14 21:34:23,630 epoch 30 - iter 1550/1554 - loss 0.03736003 - time (sec): 16782.53 - samples/sec: 1.48 - lr: 0.001250 - momentum: 0.000000
2023-12-14 21:35:10,762 ----------------------------------------------------------------------------------------------------
2023-12-14 21:35:10,775 EPOCH 30 done: loss 0.0373 - lr: 0.001250
2023-12-14 21:35:12,326 DEV : loss 0.5230282545089722 - f1-score (micro avg)  0.7709
2023-12-14 21:35:12,391  - 5 epochs without improvement
2023-12-14 21:35:12,495 ----------------------------------------------------------------------------------------------------
2023-12-14 21:35:12,496 Loading model from best epoch ...
2023-12-14 21:43:19,622 
Results:
- F-score (micro) 0.7597
- F-score (macro) 0.7584
- Accuracy 0.7596

By class:
                 precision    recall  f1-score   support

    Hate Speech     0.8219    0.7345    0.7757      1759
Non Hate Speech     0.6962    0.7923    0.7412      1348

      micro avg     0.7598    0.7596    0.7597      3107
      macro avg     0.7591    0.7634    0.7584      3107
   weighted avg     0.7674    0.7596    0.7607      3107

2023-12-14 21:43:19,623 ----------------------------------------------------------------------------------------------------
